{"synthetic": false,
 "outputs": null,
 "log":
 [{"message":
   ".> ELAN=elan ELAN_HOME=C:\\Users\\kc_ke\\.elan ELAN_TOOLCHAIN=leanprover/lean4:v4.22.0-rc3 LAKE=c:\\Users\\kc_ke\\.elan\\toolchains\\leanprover--lean4---v4.22.0-rc3\\bin\\lake.exe LAKE_HOME=c:\\Users\\kc_ke\\.elan\\toolchains\\leanprover--lean4---v4.22.0-rc3 LAKE_PKG_URL_MAP={} LAKE_NO_CACHE=false LAKE_ARTIFACT_CACHE=false LAKE_CACHE_DIR=C:\\Users\\kc_ke\\.elan\\toolchains\\leanprover--lean4---v4.22.0-rc3\\lake\\cache LEAN=c:\\Users\\kc_ke\\.elan\\toolchains\\leanprover--lean4---v4.22.0-rc3\\bin\\lean.exe LEAN_GITHASH=7c3ca70e29a0806bd4bfc62eae7084bbaf1a303d LEAN_SYSROOT=c:\\Users\\kc_ke\\.elan\\toolchains\\leanprover--lean4---v4.22.0-rc3 LEAN_AR=c:\\Users\\kc_ke\\.elan\\toolchains\\leanprover--lean4---v4.22.0-rc3\\bin\\llvm-ar.exe LEAN_CC= LEAN_PATH=C:\\EllipticCurve\\.lake\\packages\\batteries\\.lake\\build\\lib\\lean;C:\\EllipticCurve\\.lake\\packages\\Qq\\.lake\\build\\lib\\lean;C:\\EllipticCurve\\.lake\\packages\\aesop\\.lake\\build\\lib\\lean;C:\\EllipticCurve\\.lake\\packages\\proofwidgets\\.lake\\build\\lib\\lean;C:\\EllipticCurve\\.lake\\packages\\importGraph\\.lake\\build\\lib\\lean;C:\\EllipticCurve\\.lake\\packages\\LeanSearchClient\\.lake\\build\\lib\\lean;C:\\EllipticCurve\\.lake\\packages\\plausible\\.lake\\build\\lib\\lean;C:\\EllipticCurve\\.lake\\packages\\mathlib\\.lake\\build\\lib\\lean;C:\\EllipticCurve\\.lake\\packages\\MD4Lean\\.lake\\build\\lib\\lean;C:\\EllipticCurve\\.lake\\packages\\BibtexQuery\\.lake\\build\\lib\\lean;C:\\EllipticCurve\\.lake\\packages\\UnicodeBasic\\.lake\\build\\lib\\lean;C:\\EllipticCurve\\.lake\\packages\\Cli\\.lake\\build\\lib\\lean;C:\\EllipticCurve\\.lake\\build\\lib\\lean;C:\\EllipticCurve\\.lake\\packages\\doc-gen4\\.lake\\build\\lib\\lean;C:\\EllipticCurve\\docbuild\\.lake\\build\\lib\\lean;c:\\Users\\kc_ke\\.elan\\toolchains\\leanprover--lean4---v4.22.0-rc3\\lib\\lean LEAN_SRC_PATH=C:\\EllipticCurve\\.lake\\packages\\batteries;C:\\EllipticCurve\\.lake\\packages\\batteries;C:\\EllipticCurve\\.lake\\packages\\Qq;C:\\EllipticCurve\\.lake\\packages\\aesop;C:\\EllipticCurve\\.lake\\packages\\aesop;C:\\EllipticCurve\\.lake\\packages\\proofwidgets;C:\\EllipticCurve\\.lake\\packages\\proofwidgets;C:\\EllipticCurve\\.lake\\packages\\importGraph;C:\\EllipticCurve\\.lake\\packages\\importGraph;C:\\EllipticCurve\\.lake\\packages\\LeanSearchClient;C:\\EllipticCurve\\.lake\\packages\\LeanSearchClient;C:\\EllipticCurve\\.lake\\packages\\plausible;C:\\EllipticCurve\\.lake\\packages\\plausible;C:\\EllipticCurve\\.lake\\packages\\mathlib;C:\\EllipticCurve\\.lake\\packages\\mathlib;C:\\EllipticCurve\\.lake\\packages\\mathlib;C:\\EllipticCurve\\.lake\\packages\\mathlib;C:\\EllipticCurve\\.lake\\packages\\mathlib;C:\\EllipticCurve\\.lake\\packages\\mathlib;C:\\EllipticCurve\\.lake\\packages\\mathlib;C:\\EllipticCurve\\.lake\\packages\\MD4Lean;C:\\EllipticCurve\\.lake\\packages\\MD4Lean;C:\\EllipticCurve\\.lake\\packages\\BibtexQuery;C:\\EllipticCurve\\.lake\\packages\\UnicodeBasic;C:\\EllipticCurve\\.lake\\packages\\UnicodeBasic;C:\\EllipticCurve\\.lake\\packages\\Cli;C:\\EllipticCurve;C:\\EllipticCurve\\.lake\\packages\\doc-gen4;c:\\Users\\kc_ke\\.elan\\toolchains\\leanprover--lean4---v4.22.0-rc3\\src\\lean\\lake PATH C:\\EllipticCurve\\.lake\\packages\\doc-gen4\\.lake\\build\\bin\\doc-gen4.exe single --build C:\\EllipticCurve\\docbuild\\.lake\\build Mathlib.SetTheory.Cardinal.Basic https://github.com/leanprover-community/mathlib4/blob/80ef7ee04d6e4d69bb5ec32dc5fc93ed19cd1fbc/Mathlib/SetTheory/Cardinal/Basic.lean",
   "level": "trace"}],
 "inputs":
 [["<collection>",
   [["C:\\EllipticCurve\\docbuild\\.lake\\build\\doc\\Mathlib\\Data\\Countable\\Small.html",
     "9468758284354305668"],
    ["C:\\EllipticCurve\\docbuild\\.lake\\build\\doc\\Mathlib\\Data\\Fintype\\BigOperators.html",
     "3987701781267732457"],
    ["C:\\EllipticCurve\\docbuild\\.lake\\build\\doc\\Mathlib\\Data\\Fintype\\Powerset.html",
     "9027967535881314500"],
    ["C:\\EllipticCurve\\docbuild\\.lake\\build\\doc\\Mathlib\\Data\\Nat\\Cast\\Order\\Basic.html",
     "18197405669622025887"],
    ["C:\\EllipticCurve\\docbuild\\.lake\\build\\doc\\Mathlib\\Data\\Set\\Countable.html",
     "8586815451252840445"],
    ["C:\\EllipticCurve\\docbuild\\.lake\\build\\doc\\Mathlib\\Logic\\Equiv\\Fin\\Basic.html",
     "10278476701830559929"],
    ["C:\\EllipticCurve\\docbuild\\.lake\\build\\doc\\Mathlib\\Logic\\Small\\Set.html",
     "11680878217400984464"],
    ["C:\\EllipticCurve\\docbuild\\.lake\\build\\doc\\Mathlib\\Logic\\UnivLE.html",
     "8864001270366338507"],
    ["C:\\EllipticCurve\\docbuild\\.lake\\build\\doc\\Mathlib\\SetTheory\\Cardinal\\Order.html",
     "9463872410533610341"]]],
  ["C:\\EllipticCurve\\docbuild\\.lake\\build\\doc-data\\references.json",
   "11893762902049086281"],
  ["C:\\EllipticCurve\\.lake\\packages\\doc-gen4\\.lake\\build\\bin\\doc-gen4.exe",
   "6908948172941974985"],
  ["Mathlib.SetTheory.Cardinal.Basic:leanArts", "16696942605589647023"]],
 "depHash": "2234110485566867471"}