{"synthetic": false,
 "outputs": null,
 "log":
 [{"message":
   ".> ELAN=elan ELAN_HOME=C:\\Users\\kc_ke\\.elan ELAN_TOOLCHAIN=leanprover/lean4:v4.22.0-rc3 LAKE=c:\\Users\\kc_ke\\.elan\\toolchains\\leanprover--lean4---v4.22.0-rc3\\bin\\lake.exe LAKE_HOME=c:\\Users\\kc_ke\\.elan\\toolchains\\leanprover--lean4---v4.22.0-rc3 LAKE_PKG_URL_MAP={} LAKE_NO_CACHE=false LAKE_ARTIFACT_CACHE=false LAKE_CACHE_DIR=C:\\Users\\kc_ke\\.elan\\toolchains\\leanprover--lean4---v4.22.0-rc3\\lake\\cache LEAN=c:\\Users\\kc_ke\\.elan\\toolchains\\leanprover--lean4---v4.22.0-rc3\\bin\\lean.exe LEAN_GITHASH=7c3ca70e29a0806bd4bfc62eae7084bbaf1a303d LEAN_SYSROOT=c:\\Users\\kc_ke\\.elan\\toolchains\\leanprover--lean4---v4.22.0-rc3 LEAN_AR=c:\\Users\\kc_ke\\.elan\\toolchains\\leanprover--lean4---v4.22.0-rc3\\bin\\llvm-ar.exe LEAN_CC= LEAN_PATH=C:\\EllipticCurve\\.lake\\packages\\batteries\\.lake\\build\\lib\\lean;C:\\EllipticCurve\\.lake\\packages\\Qq\\.lake\\build\\lib\\lean;C:\\EllipticCurve\\.lake\\packages\\aesop\\.lake\\build\\lib\\lean;C:\\EllipticCurve\\.lake\\packages\\proofwidgets\\.lake\\build\\lib\\lean;C:\\EllipticCurve\\.lake\\packages\\importGraph\\.lake\\build\\lib\\lean;C:\\EllipticCurve\\.lake\\packages\\LeanSearchClient\\.lake\\build\\lib\\lean;C:\\EllipticCurve\\.lake\\packages\\plausible\\.lake\\build\\lib\\lean;C:\\EllipticCurve\\.lake\\packages\\mathlib\\.lake\\build\\lib\\lean;C:\\EllipticCurve\\.lake\\packages\\MD4Lean\\.lake\\build\\lib\\lean;C:\\EllipticCurve\\.lake\\packages\\BibtexQuery\\.lake\\build\\lib\\lean;C:\\EllipticCurve\\.lake\\packages\\UnicodeBasic\\.lake\\build\\lib\\lean;C:\\EllipticCurve\\.lake\\packages\\Cli\\.lake\\build\\lib\\lean;C:\\EllipticCurve\\.lake\\build\\lib\\lean;C:\\EllipticCurve\\.lake\\packages\\doc-gen4\\.lake\\build\\lib\\lean;C:\\EllipticCurve\\docbuild\\.lake\\build\\lib\\lean;c:\\Users\\kc_ke\\.elan\\toolchains\\leanprover--lean4---v4.22.0-rc3\\lib\\lean LEAN_SRC_PATH=C:\\EllipticCurve\\.lake\\packages\\batteries;C:\\EllipticCurve\\.lake\\packages\\batteries;C:\\EllipticCurve\\.lake\\packages\\Qq;C:\\EllipticCurve\\.lake\\packages\\aesop;C:\\EllipticCurve\\.lake\\packages\\aesop;C:\\EllipticCurve\\.lake\\packages\\proofwidgets;C:\\EllipticCurve\\.lake\\packages\\proofwidgets;C:\\EllipticCurve\\.lake\\packages\\importGraph;C:\\EllipticCurve\\.lake\\packages\\importGraph;C:\\EllipticCurve\\.lake\\packages\\LeanSearchClient;C:\\EllipticCurve\\.lake\\packages\\LeanSearchClient;C:\\EllipticCurve\\.lake\\packages\\plausible;C:\\EllipticCurve\\.lake\\packages\\plausible;C:\\EllipticCurve\\.lake\\packages\\mathlib;C:\\EllipticCurve\\.lake\\packages\\mathlib;C:\\EllipticCurve\\.lake\\packages\\mathlib;C:\\EllipticCurve\\.lake\\packages\\mathlib;C:\\EllipticCurve\\.lake\\packages\\mathlib;C:\\EllipticCurve\\.lake\\packages\\mathlib;C:\\EllipticCurve\\.lake\\packages\\mathlib;C:\\EllipticCurve\\.lake\\packages\\MD4Lean;C:\\EllipticCurve\\.lake\\packages\\MD4Lean;C:\\EllipticCurve\\.lake\\packages\\BibtexQuery;C:\\EllipticCurve\\.lake\\packages\\UnicodeBasic;C:\\EllipticCurve\\.lake\\packages\\UnicodeBasic;C:\\EllipticCurve\\.lake\\packages\\Cli;C:\\EllipticCurve;C:\\EllipticCurve\\.lake\\packages\\doc-gen4;c:\\Users\\kc_ke\\.elan\\toolchains\\leanprover--lean4---v4.22.0-rc3\\src\\lean\\lake PATH C:\\EllipticCurve\\.lake\\packages\\doc-gen4\\.lake\\build\\bin\\doc-gen4.exe single --build C:\\EllipticCurve\\docbuild\\.lake\\build Mathlib.Data.Finset.NoncommProd https://github.com/leanprover-community/mathlib4/blob/80ef7ee04d6e4d69bb5ec32dc5fc93ed19cd1fbc/Mathlib/Data/Finset/NoncommProd.lean",
   "level": "trace"}],
 "inputs":
 [["<collection>",
   [["C:\\EllipticCurve\\docbuild\\.lake\\build\\doc\\Mathlib\\Algebra\\BigOperators\\Group\\Finset\\Basic.html",
     "11958063021988241397"],
    ["C:\\EllipticCurve\\docbuild\\.lake\\build\\doc\\Mathlib\\Algebra\\Group\\Commute\\Hom.html",
     "10355754795441133548"],
    ["C:\\EllipticCurve\\docbuild\\.lake\\build\\doc\\Mathlib\\Algebra\\Group\\Pi\\Lemmas.html",
     "7400019855180350797"],
    ["C:\\EllipticCurve\\docbuild\\.lake\\build\\doc\\Mathlib\\Data\\Fintype\\Basic.html",
     "1362208116394050104"]]],
  ["C:\\EllipticCurve\\docbuild\\.lake\\build\\doc-data\\references.json",
   "11893762902049086281"],
  ["C:\\EllipticCurve\\.lake\\packages\\doc-gen4\\.lake\\build\\bin\\doc-gen4.exe",
   "6908948172941974985"],
  ["Mathlib.Data.Finset.NoncommProd:leanArts", "56913109539707508"]],
 "depHash": "13309591538787051628"}