{"synthetic": false,
 "outputs": null,
 "log":
 [{"message": "Documentation indexing", "level": "info"},
  {"message":
   ".> C:\\EllipticCurve\\.lake\\packages\\doc-gen4\\.lake\\build\\bin\\doc-gen4.exe index --build C:\\EllipticCurve\\docbuild\\.lake\\build",
   "level": "trace"}],
 "inputs":
 [["C:\\EllipticCurve\\.lake\\packages\\doc-gen4\\.lake\\build\\bin\\doc-gen4.exe",
   "6908948172941974985"],
  ["<nil>", "10883049011979112719"],
  ["<collection>",
   [["C:\\EllipticCurve\\docbuild\\.lake\\build\\doc\\EllipticCurve\\Basic.html",
     "2199187152203836131"],
    ["C:\\EllipticCurve\\docbuild\\.lake\\build\\doc\\EllipticCurve\\Lemmas.html",
     "18164312153918652506"],
    ["C:\\EllipticCurve\\docbuild\\.lake\\build\\doc\\EllipticCurve\\Grassmannians\\Basic.html",
     "1687541561258219122"],
    ["C:\\EllipticCurve\\docbuild\\.lake\\build\\doc\\EllipticCurve\\ProjectiveSpace\\TensorProduct\\SymmetricMap.html",
     "5626349521299594725"],
    ["C:\\EllipticCurve\\docbuild\\.lake\\build\\doc\\EllipticCurve\\ProjectiveSpace\\TensorProduct\\BaseChange.html",
     "14648512874439948095"],
    ["C:\\EllipticCurve\\docbuild\\.lake\\build\\doc\\EllipticCurve\\ProjectiveSpace\\TensorProduct\\SymmetricPower.html",
     "14183779214408912406"],
    ["C:\\EllipticCurve\\docbuild\\.lake\\build\\doc\\EllipticCurve\\ProjectiveSpace\\Basic.html",
     "10525809782785475712"],
    ["C:\\EllipticCurve\\docbuild\\.lake\\build\\doc\\EllipticCurve\\Ring\\Model.html",
     "2309233445120342947"],
    ["C:\\EllipticCurve\\docbuild\\.lake\\build\\doc\\EllipticCurve.html",
     "10722092876227821548"]]]],
 "depHash": "11654941779813183147"}