{"synthetic": false,
 "outputs": null,
 "log":
 [{"message":
   ".> ELAN=elan ELAN_HOME=C:\\Users\\kc_ke\\.elan ELAN_TOOLCHAIN=leanprover/lean4:v4.22.0-rc3 LAKE=c:\\Users\\kc_ke\\.elan\\toolchains\\leanprover--lean4---v4.22.0-rc3\\bin\\lake.exe LAKE_HOME=c:\\Users\\kc_ke\\.elan\\toolchains\\leanprover--lean4---v4.22.0-rc3 LAKE_PKG_URL_MAP={} LAKE_NO_CACHE=false LAKE_ARTIFACT_CACHE=false LAKE_CACHE_DIR=C:\\Users\\kc_ke\\.elan\\toolchains\\leanprover--lean4---v4.22.0-rc3\\lake\\cache LEAN=c:\\Users\\kc_ke\\.elan\\toolchains\\leanprover--lean4---v4.22.0-rc3\\bin\\lean.exe LEAN_GITHASH=7c3ca70e29a0806bd4bfc62eae7084bbaf1a303d LEAN_SYSROOT=c:\\Users\\kc_ke\\.elan\\toolchains\\leanprover--lean4---v4.22.0-rc3 LEAN_AR=c:\\Users\\kc_ke\\.elan\\toolchains\\leanprover--lean4---v4.22.0-rc3\\bin\\llvm-ar.exe LEAN_CC= LEAN_PATH=C:\\EllipticCurve\\.lake\\packages\\batteries\\.lake\\build\\lib\\lean;C:\\EllipticCurve\\.lake\\packages\\Qq\\.lake\\build\\lib\\lean;C:\\EllipticCurve\\.lake\\packages\\aesop\\.lake\\build\\lib\\lean;C:\\EllipticCurve\\.lake\\packages\\proofwidgets\\.lake\\build\\lib\\lean;C:\\EllipticCurve\\.lake\\packages\\importGraph\\.lake\\build\\lib\\lean;C:\\EllipticCurve\\.lake\\packages\\LeanSearchClient\\.lake\\build\\lib\\lean;C:\\EllipticCurve\\.lake\\packages\\plausible\\.lake\\build\\lib\\lean;C:\\EllipticCurve\\.lake\\packages\\mathlib\\.lake\\build\\lib\\lean;C:\\EllipticCurve\\.lake\\packages\\MD4Lean\\.lake\\build\\lib\\lean;C:\\EllipticCurve\\.lake\\packages\\BibtexQuery\\.lake\\build\\lib\\lean;C:\\EllipticCurve\\.lake\\packages\\UnicodeBasic\\.lake\\build\\lib\\lean;C:\\EllipticCurve\\.lake\\packages\\Cli\\.lake\\build\\lib\\lean;C:\\EllipticCurve\\.lake\\build\\lib\\lean;C:\\EllipticCurve\\.lake\\packages\\doc-gen4\\.lake\\build\\lib\\lean;C:\\EllipticCurve\\docbuild\\.lake\\build\\lib\\lean;c:\\Users\\kc_ke\\.elan\\toolchains\\leanprover--lean4---v4.22.0-rc3\\lib\\lean LEAN_SRC_PATH=C:\\EllipticCurve\\.lake\\packages\\batteries;C:\\EllipticCurve\\.lake\\packages\\batteries;C:\\EllipticCurve\\.lake\\packages\\Qq;C:\\EllipticCurve\\.lake\\packages\\aesop;C:\\EllipticCurve\\.lake\\packages\\aesop;C:\\EllipticCurve\\.lake\\packages\\proofwidgets;C:\\EllipticCurve\\.lake\\packages\\proofwidgets;C:\\EllipticCurve\\.lake\\packages\\importGraph;C:\\EllipticCurve\\.lake\\packages\\importGraph;C:\\EllipticCurve\\.lake\\packages\\LeanSearchClient;C:\\EllipticCurve\\.lake\\packages\\LeanSearchClient;C:\\EllipticCurve\\.lake\\packages\\plausible;C:\\EllipticCurve\\.lake\\packages\\plausible;C:\\EllipticCurve\\.lake\\packages\\mathlib;C:\\EllipticCurve\\.lake\\packages\\mathlib;C:\\EllipticCurve\\.lake\\packages\\mathlib;C:\\EllipticCurve\\.lake\\packages\\mathlib;C:\\EllipticCurve\\.lake\\packages\\mathlib;C:\\EllipticCurve\\.lake\\packages\\mathlib;C:\\EllipticCurve\\.lake\\packages\\mathlib;C:\\EllipticCurve\\.lake\\packages\\MD4Lean;C:\\EllipticCurve\\.lake\\packages\\MD4Lean;C:\\EllipticCurve\\.lake\\packages\\BibtexQuery;C:\\EllipticCurve\\.lake\\packages\\UnicodeBasic;C:\\EllipticCurve\\.lake\\packages\\UnicodeBasic;C:\\EllipticCurve\\.lake\\packages\\Cli;C:\\EllipticCurve;C:\\EllipticCurve\\.lake\\packages\\doc-gen4;c:\\Users\\kc_ke\\.elan\\toolchains\\leanprover--lean4---v4.22.0-rc3\\src\\lean\\lake PATH C:\\EllipticCurve\\.lake\\packages\\doc-gen4\\.lake\\build\\bin\\doc-gen4.exe single --build C:\\EllipticCurve\\docbuild\\.lake\\build Mathlib.Init https://github.com/leanprover-community/mathlib4/blob/80ef7ee04d6e4d69bb5ec32dc5fc93ed19cd1fbc/Mathlib/Init.lean",
   "level": "trace"}],
 "inputs":
 [["<collection>",
   [["C:\\EllipticCurve\\docbuild\\.lake\\build\\doc\\Mathlib\\Tactic\\Linter\\CommandStart.html",
     "17136299799000998903"],
    ["C:\\EllipticCurve\\docbuild\\.lake\\build\\doc\\Mathlib\\Tactic\\Linter\\DeprecatedSyntaxLinter.html",
     "17383585204059973138"],
    ["C:\\EllipticCurve\\docbuild\\.lake\\build\\doc\\Mathlib\\Tactic\\Linter\\DirectoryDependency.html",
     "17598948585901046169"],
    ["C:\\EllipticCurve\\docbuild\\.lake\\build\\doc\\Mathlib\\Tactic\\Linter\\DocPrime.html",
     "7263662951188537755"],
    ["C:\\EllipticCurve\\docbuild\\.lake\\build\\doc\\Mathlib\\Tactic\\Linter\\DocString.html",
     "11942150435194202244"],
    ["C:\\EllipticCurve\\docbuild\\.lake\\build\\doc\\Mathlib\\Tactic\\Linter\\GlobalAttributeIn.html",
     "3035613439020901303"],
    ["C:\\EllipticCurve\\docbuild\\.lake\\build\\doc\\Mathlib\\Tactic\\Linter\\HashCommandLinter.html",
     "16946504729003570038"],
    ["C:\\EllipticCurve\\docbuild\\.lake\\build\\doc\\Mathlib\\Tactic\\Linter\\Header.html",
     "11502011648445467073"],
    ["C:\\EllipticCurve\\docbuild\\.lake\\build\\doc\\Mathlib\\Tactic\\Linter\\FlexibleLinter.html",
     "14111614198678644400"],
    ["C:\\EllipticCurve\\docbuild\\.lake\\build\\doc\\Mathlib\\Tactic\\Linter\\Lint.html",
     "12103356457480554952"],
    ["C:\\EllipticCurve\\docbuild\\.lake\\build\\doc\\Mathlib\\Tactic\\Linter\\Multigoal.html",
     "10769914256881347601"],
    ["C:\\EllipticCurve\\docbuild\\.lake\\build\\doc\\Mathlib\\Tactic\\Linter\\OldObtain.html",
     "6341874356818929863"],
    ["C:\\EllipticCurve\\docbuild\\.lake\\build\\doc\\Mathlib\\Tactic\\Linter\\UnusedTacticExtension.html",
     "16479035268823766982"],
    ["C:\\EllipticCurve\\docbuild\\.lake\\build\\doc\\Mathlib\\Tactic\\Linter\\UnusedTactic.html",
     "6451347032267578346"],
    ["C:\\EllipticCurve\\docbuild\\.lake\\build\\doc\\Mathlib\\Tactic\\Linter\\Style.html",
     "12693349032205583899"],
    ["C:\\EllipticCurve\\docbuild\\.lake\\build\\doc\\Mathlib\\Tactic\\MinImports.html",
     "2470471857974843378"]]],
  ["C:\\EllipticCurve\\docbuild\\.lake\\build\\doc-data\\references.json",
   "11893762902049086281"],
  ["C:\\EllipticCurve\\.lake\\packages\\doc-gen4\\.lake\\build\\bin\\doc-gen4.exe",
   "6908948172941974985"],
  ["Mathlib.Init:leanArts", "5856194809562869148"]],
 "depHash": "12234505533819874595"}