{"synthetic": false,
 "outputs": null,
 "log":
 [{"message":
   ".> ELAN=elan ELAN_HOME=C:\\Users\\kc_ke\\.elan ELAN_TOOLCHAIN=leanprover/lean4:v4.22.0-rc3 LAKE=c:\\Users\\kc_ke\\.elan\\toolchains\\leanprover--lean4---v4.22.0-rc3\\bin\\lake.exe LAKE_HOME=c:\\Users\\kc_ke\\.elan\\toolchains\\leanprover--lean4---v4.22.0-rc3 LAKE_PKG_URL_MAP={} LAKE_NO_CACHE=false LAKE_ARTIFACT_CACHE=false LAKE_CACHE_DIR=C:\\Users\\kc_ke\\.elan\\toolchains\\leanprover--lean4---v4.22.0-rc3\\lake\\cache LEAN=c:\\Users\\kc_ke\\.elan\\toolchains\\leanprover--lean4---v4.22.0-rc3\\bin\\lean.exe LEAN_GITHASH=7c3ca70e29a0806bd4bfc62eae7084bbaf1a303d LEAN_SYSROOT=c:\\Users\\kc_ke\\.elan\\toolchains\\leanprover--lean4---v4.22.0-rc3 LEAN_AR=c:\\Users\\kc_ke\\.elan\\toolchains\\leanprover--lean4---v4.22.0-rc3\\bin\\llvm-ar.exe LEAN_CC= LEAN_PATH=C:\\EllipticCurve\\.lake\\packages\\batteries\\.lake\\build\\lib\\lean;C:\\EllipticCurve\\.lake\\packages\\Qq\\.lake\\build\\lib\\lean;C:\\EllipticCurve\\.lake\\packages\\aesop\\.lake\\build\\lib\\lean;C:\\EllipticCurve\\.lake\\packages\\proofwidgets\\.lake\\build\\lib\\lean;C:\\EllipticCurve\\.lake\\packages\\importGraph\\.lake\\build\\lib\\lean;C:\\EllipticCurve\\.lake\\packages\\LeanSearchClient\\.lake\\build\\lib\\lean;C:\\EllipticCurve\\.lake\\packages\\plausible\\.lake\\build\\lib\\lean;C:\\EllipticCurve\\.lake\\packages\\mathlib\\.lake\\build\\lib\\lean;C:\\EllipticCurve\\.lake\\packages\\MD4Lean\\.lake\\build\\lib\\lean;C:\\EllipticCurve\\.lake\\packages\\BibtexQuery\\.lake\\build\\lib\\lean;C:\\EllipticCurve\\.lake\\packages\\UnicodeBasic\\.lake\\build\\lib\\lean;C:\\EllipticCurve\\.lake\\packages\\Cli\\.lake\\build\\lib\\lean;C:\\EllipticCurve\\.lake\\build\\lib\\lean;C:\\EllipticCurve\\.lake\\packages\\doc-gen4\\.lake\\build\\lib\\lean;C:\\EllipticCurve\\docbuild\\.lake\\build\\lib\\lean;c:\\Users\\kc_ke\\.elan\\toolchains\\leanprover--lean4---v4.22.0-rc3\\lib\\lean LEAN_SRC_PATH=C:\\EllipticCurve\\.lake\\packages\\batteries;C:\\EllipticCurve\\.lake\\packages\\batteries;C:\\EllipticCurve\\.lake\\packages\\Qq;C:\\EllipticCurve\\.lake\\packages\\aesop;C:\\EllipticCurve\\.lake\\packages\\aesop;C:\\EllipticCurve\\.lake\\packages\\proofwidgets;C:\\EllipticCurve\\.lake\\packages\\proofwidgets;C:\\EllipticCurve\\.lake\\packages\\importGraph;C:\\EllipticCurve\\.lake\\packages\\importGraph;C:\\EllipticCurve\\.lake\\packages\\LeanSearchClient;C:\\EllipticCurve\\.lake\\packages\\LeanSearchClient;C:\\EllipticCurve\\.lake\\packages\\plausible;C:\\EllipticCurve\\.lake\\packages\\plausible;C:\\EllipticCurve\\.lake\\packages\\mathlib;C:\\EllipticCurve\\.lake\\packages\\mathlib;C:\\EllipticCurve\\.lake\\packages\\mathlib;C:\\EllipticCurve\\.lake\\packages\\mathlib;C:\\EllipticCurve\\.lake\\packages\\mathlib;C:\\EllipticCurve\\.lake\\packages\\mathlib;C:\\EllipticCurve\\.lake\\packages\\mathlib;C:\\EllipticCurve\\.lake\\packages\\MD4Lean;C:\\EllipticCurve\\.lake\\packages\\MD4Lean;C:\\EllipticCurve\\.lake\\packages\\BibtexQuery;C:\\EllipticCurve\\.lake\\packages\\UnicodeBasic;C:\\EllipticCurve\\.lake\\packages\\UnicodeBasic;C:\\EllipticCurve\\.lake\\packages\\Cli;C:\\EllipticCurve;C:\\EllipticCurve\\.lake\\packages\\doc-gen4;c:\\Users\\kc_ke\\.elan\\toolchains\\leanprover--lean4---v4.22.0-rc3\\src\\lean\\lake PATH C:\\EllipticCurve\\.lake\\packages\\doc-gen4\\.lake\\build\\bin\\doc-gen4.exe single --build C:\\EllipticCurve\\docbuild\\.lake\\build Aesop.Util.Basic https://github.com/leanprover-community/aesop/blob/a62ecd0343a2dcfbcac6d1e8243f5821879c0244/Aesop/Util/Basic.lean",
   "level": "trace"}],
 "inputs":
 [["<collection>",
   [["C:\\EllipticCurve\\docbuild\\.lake\\build\\doc\\Aesop\\Index\\DiscrTreeConfig.html",
     "16890938365970158448"],
    ["C:\\EllipticCurve\\docbuild\\.lake\\build\\doc\\Aesop\\Nanos.html",
     "16323767160383388594"],
    ["C:\\EllipticCurve\\docbuild\\.lake\\build\\doc\\Aesop\\Util\\UnorderedArraySet.html",
     "18297302154414505102"],
    ["C:\\EllipticCurve\\docbuild\\.lake\\build\\doc\\Batteries\\Lean\\Expr.html",
     "15246731261733075199"],
    ["C:\\EllipticCurve\\docbuild\\.lake\\build\\doc\\Batteries\\Data\\String\\Basic.html",
     "3956404253960541389"]]],
  ["C:\\EllipticCurve\\docbuild\\.lake\\build\\doc-data\\references.json",
   "11893762902049086281"],
  ["C:\\EllipticCurve\\.lake\\packages\\doc-gen4\\.lake\\build\\bin\\doc-gen4.exe",
   "6908948172941974985"],
  ["Aesop.Util.Basic:leanArts", "9509571616850625239"]],
 "depHash": "6760456866879876726"}